2020-07-28 6:30:34 - PHP Notice:  Undefined index: name in W:\domains\opencart_ecom\public_html\catalog\controller\extension\module\form_support.php on line 13
2020-07-28 6:32:23 - PHP Notice:  Undefined variable: json in W:\domains\opencart_ecom\public_html\catalog\controller\extension\module\form_support.php on line 14
2020-07-28 6:36:24 - PHP Notice:  Undefined index: name in W:\domains\opencart_ecom\public_html\catalog\controller\extension\module\form_support.php on line 10
2020-07-28 6:36:35 - PHP Notice:  Undefined index: name in W:\domains\opencart_ecom\public_html\catalog\controller\extension\module\form_support.php on line 10
2020-07-28 6:36:39 - PHP Notice:  Undefined index: name in W:\domains\opencart_ecom\public_html\catalog\controller\extension\module\form_support.php on line 10
2020-07-28 6:36:48 - PHP Notice:  Undefined index: name in W:\domains\opencart_ecom\public_html\catalog\controller\extension\module\form_support.php on line 10
2020-07-28 6:37:32 - PHP Notice:  Undefined index: name in W:\domains\opencart_ecom\public_html\catalog\controller\extension\module\form_support.php on line 10
2020-07-28 6:58:47 - PHP Notice:  Undefined index: rating in W:\domains\opencart_ecom\public_html\catalog\controller\product\views.php on line 462
2020-07-28 6:58:47 - PHP Notice:  Undefined index: product_id in W:\domains\opencart_ecom\public_html\catalog\controller\product\views.php on line 468
2020-07-28 6:58:47 - PHP Notice:  Undefined index: rating in W:\domains\opencart_ecom\public_html\catalog\controller\product\views.php on line 476
2020-07-28 6:58:47 - PHP Notice:  Undefined index: product_id in W:\domains\opencart_ecom\public_html\catalog\controller\product\views.php on line 477
2020-07-28 6:58:47 - PHP Notice:  Undefined index: rating in W:\domains\opencart_ecom\public_html\catalog\controller\product\views.php on line 462
2020-07-28 6:58:47 - PHP Notice:  Undefined index: product_id in W:\domains\opencart_ecom\public_html\catalog\controller\product\views.php on line 468
2020-07-28 6:58:47 - PHP Notice:  Undefined index: rating in W:\domains\opencart_ecom\public_html\catalog\controller\product\views.php on line 476
2020-07-28 6:58:47 - PHP Notice:  Undefined index: product_id in W:\domains\opencart_ecom\public_html\catalog\controller\product\views.php on line 477
2020-07-28 6:58:47 - PHP Notice:  Undefined index: rating in W:\domains\opencart_ecom\public_html\catalog\controller\product\views.php on line 462
2020-07-28 6:58:47 - PHP Notice:  Undefined index: product_id in W:\domains\opencart_ecom\public_html\catalog\controller\product\views.php on line 468
2020-07-28 6:58:47 - PHP Notice:  Undefined index: rating in W:\domains\opencart_ecom\public_html\catalog\controller\product\views.php on line 476
2020-07-28 6:58:47 - PHP Notice:  Undefined index: product_id in W:\domains\opencart_ecom\public_html\catalog\controller\product\views.php on line 477
2020-07-28 6:58:47 - PHP Notice:  Undefined index: rating in W:\domains\opencart_ecom\public_html\catalog\controller\product\views.php on line 462
2020-07-28 6:58:47 - PHP Notice:  Undefined index: product_id in W:\domains\opencart_ecom\public_html\catalog\controller\product\views.php on line 468
2020-07-28 6:58:47 - PHP Notice:  Undefined index: rating in W:\domains\opencart_ecom\public_html\catalog\controller\product\views.php on line 476
2020-07-28 6:58:47 - PHP Notice:  Undefined index: product_id in W:\domains\opencart_ecom\public_html\catalog\controller\product\views.php on line 477
2020-07-28 6:58:47 - PHP Notice:  Undefined index: rating in W:\domains\opencart_ecom\public_html\catalog\controller\product\views.php on line 462
2020-07-28 6:58:47 - PHP Notice:  Undefined index: product_id in W:\domains\opencart_ecom\public_html\catalog\controller\product\views.php on line 468
2020-07-28 6:58:47 - PHP Notice:  Undefined index: rating in W:\domains\opencart_ecom\public_html\catalog\controller\product\views.php on line 476
2020-07-28 6:58:47 - PHP Notice:  Undefined index: product_id in W:\domains\opencart_ecom\public_html\catalog\controller\product\views.php on line 477
2020-07-28 6:58:47 - PHP Notice:  Undefined index: rating in W:\domains\opencart_ecom\public_html\catalog\controller\product\views.php on line 462
2020-07-28 6:58:47 - PHP Notice:  Undefined index: product_id in W:\domains\opencart_ecom\public_html\catalog\controller\product\views.php on line 468
2020-07-28 6:58:47 - PHP Notice:  Undefined index: rating in W:\domains\opencart_ecom\public_html\catalog\controller\product\views.php on line 476
2020-07-28 6:58:47 - PHP Notice:  Undefined index: product_id in W:\domains\opencart_ecom\public_html\catalog\controller\product\views.php on line 477
2020-07-28 6:58:47 - PHP Notice:  Undefined index: rating in W:\domains\opencart_ecom\public_html\catalog\controller\product\views.php on line 462
2020-07-28 6:58:47 - PHP Notice:  Undefined index: product_id in W:\domains\opencart_ecom\public_html\catalog\controller\product\views.php on line 468
2020-07-28 6:58:47 - PHP Notice:  Undefined index: rating in W:\domains\opencart_ecom\public_html\catalog\controller\product\views.php on line 476
2020-07-28 6:58:47 - PHP Notice:  Undefined index: product_id in W:\domains\opencart_ecom\public_html\catalog\controller\product\views.php on line 477
2020-07-28 6:58:47 - PHP Notice:  Undefined index: rating in W:\domains\opencart_ecom\public_html\catalog\controller\product\views.php on line 462
2020-07-28 6:58:47 - PHP Notice:  Undefined index: product_id in W:\domains\opencart_ecom\public_html\catalog\controller\product\views.php on line 468
2020-07-28 6:58:47 - PHP Notice:  Undefined index: rating in W:\domains\opencart_ecom\public_html\catalog\controller\product\views.php on line 476
2020-07-28 6:58:47 - PHP Notice:  Undefined index: product_id in W:\domains\opencart_ecom\public_html\catalog\controller\product\views.php on line 477
2020-07-28 6:58:47 - PHP Notice:  Undefined index: rating in W:\domains\opencart_ecom\public_html\catalog\controller\product\views.php on line 462
2020-07-28 6:58:47 - PHP Notice:  Undefined index: product_id in W:\domains\opencart_ecom\public_html\catalog\controller\product\views.php on line 468
2020-07-28 6:58:47 - PHP Notice:  Undefined index: rating in W:\domains\opencart_ecom\public_html\catalog\controller\product\views.php on line 476
2020-07-28 6:58:47 - PHP Notice:  Undefined index: product_id in W:\domains\opencart_ecom\public_html\catalog\controller\product\views.php on line 477
2020-07-28 6:58:47 - PHP Notice:  Undefined index: rating in W:\domains\opencart_ecom\public_html\catalog\controller\product\views.php on line 462
2020-07-28 6:58:47 - PHP Notice:  Undefined index: product_id in W:\domains\opencart_ecom\public_html\catalog\controller\product\views.php on line 468
2020-07-28 6:58:47 - PHP Notice:  Undefined index: rating in W:\domains\opencart_ecom\public_html\catalog\controller\product\views.php on line 476
2020-07-28 6:58:47 - PHP Notice:  Undefined index: product_id in W:\domains\opencart_ecom\public_html\catalog\controller\product\views.php on line 477
2020-07-28 6:58:47 - PHP Notice:  Undefined index: rating in W:\domains\opencart_ecom\public_html\catalog\controller\product\views.php on line 462
2020-07-28 6:58:47 - PHP Notice:  Undefined index: product_id in W:\domains\opencart_ecom\public_html\catalog\controller\product\views.php on line 468
2020-07-28 6:58:47 - PHP Notice:  Undefined index: rating in W:\domains\opencart_ecom\public_html\catalog\controller\product\views.php on line 476
2020-07-28 6:58:47 - PHP Notice:  Undefined index: product_id in W:\domains\opencart_ecom\public_html\catalog\controller\product\views.php on line 477
2020-07-28 6:58:47 - PHP Notice:  Undefined index: rating in W:\domains\opencart_ecom\public_html\catalog\controller\product\views.php on line 462
2020-07-28 6:58:47 - PHP Notice:  Undefined index: product_id in W:\domains\opencart_ecom\public_html\catalog\controller\product\views.php on line 468
2020-07-28 6:58:47 - PHP Notice:  Undefined index: rating in W:\domains\opencart_ecom\public_html\catalog\controller\product\views.php on line 476
2020-07-28 6:58:47 - PHP Notice:  Undefined index: product_id in W:\domains\opencart_ecom\public_html\catalog\controller\product\views.php on line 477
2020-07-28 6:58:47 - PHP Notice:  Undefined index: rating in W:\domains\opencart_ecom\public_html\catalog\controller\product\views.php on line 462
2020-07-28 6:58:47 - PHP Notice:  Undefined index: product_id in W:\domains\opencart_ecom\public_html\catalog\controller\product\views.php on line 468
2020-07-28 6:58:47 - PHP Notice:  Undefined index: rating in W:\domains\opencart_ecom\public_html\catalog\controller\product\views.php on line 476
2020-07-28 6:58:47 - PHP Notice:  Undefined index: product_id in W:\domains\opencart_ecom\public_html\catalog\controller\product\views.php on line 477
2020-07-28 6:58:47 - PHP Notice:  Undefined index: rating in W:\domains\opencart_ecom\public_html\catalog\controller\product\views.php on line 462
2020-07-28 6:58:47 - PHP Notice:  Undefined index: product_id in W:\domains\opencart_ecom\public_html\catalog\controller\product\views.php on line 468
2020-07-28 6:58:47 - PHP Notice:  Undefined index: rating in W:\domains\opencart_ecom\public_html\catalog\controller\product\views.php on line 476
2020-07-28 6:58:47 - PHP Notice:  Undefined index: product_id in W:\domains\opencart_ecom\public_html\catalog\controller\product\views.php on line 477
2020-07-28 6:58:47 - PHP Notice:  Undefined index: rating in W:\domains\opencart_ecom\public_html\catalog\controller\product\views.php on line 462
2020-07-28 6:58:47 - PHP Notice:  Undefined index: product_id in W:\domains\opencart_ecom\public_html\catalog\controller\product\views.php on line 468
2020-07-28 6:58:47 - PHP Notice:  Undefined index: rating in W:\domains\opencart_ecom\public_html\catalog\controller\product\views.php on line 476
2020-07-28 6:58:47 - PHP Notice:  Undefined index: product_id in W:\domains\opencart_ecom\public_html\catalog\controller\product\views.php on line 477
2020-07-28 6:59:27 - PHP Notice:  Undefined index: product_id in W:\domains\opencart_ecom\public_html\catalog\controller\product\views.php on line 462
2020-07-28 6:59:27 - PHP Notice:  Undefined index: product_id in W:\domains\opencart_ecom\public_html\catalog\controller\product\views.php on line 471
2020-07-28 6:59:27 - PHP Notice:  Undefined index: product_id in W:\domains\opencart_ecom\public_html\catalog\controller\product\views.php on line 462
2020-07-28 6:59:27 - PHP Notice:  Undefined index: product_id in W:\domains\opencart_ecom\public_html\catalog\controller\product\views.php on line 471
2020-07-28 6:59:27 - PHP Notice:  Undefined index: product_id in W:\domains\opencart_ecom\public_html\catalog\controller\product\views.php on line 462
2020-07-28 6:59:27 - PHP Notice:  Undefined index: product_id in W:\domains\opencart_ecom\public_html\catalog\controller\product\views.php on line 471
2020-07-28 6:59:27 - PHP Notice:  Undefined index: product_id in W:\domains\opencart_ecom\public_html\catalog\controller\product\views.php on line 462
2020-07-28 6:59:27 - PHP Notice:  Undefined index: product_id in W:\domains\opencart_ecom\public_html\catalog\controller\product\views.php on line 471
2020-07-28 6:59:27 - PHP Notice:  Undefined index: product_id in W:\domains\opencart_ecom\public_html\catalog\controller\product\views.php on line 462
2020-07-28 6:59:27 - PHP Notice:  Undefined index: product_id in W:\domains\opencart_ecom\public_html\catalog\controller\product\views.php on line 471
2020-07-28 6:59:27 - PHP Notice:  Undefined index: product_id in W:\domains\opencart_ecom\public_html\catalog\controller\product\views.php on line 462
2020-07-28 6:59:27 - PHP Notice:  Undefined index: product_id in W:\domains\opencart_ecom\public_html\catalog\controller\product\views.php on line 471
2020-07-28 6:59:27 - PHP Notice:  Undefined index: product_id in W:\domains\opencart_ecom\public_html\catalog\controller\product\views.php on line 462
2020-07-28 6:59:27 - PHP Notice:  Undefined index: product_id in W:\domains\opencart_ecom\public_html\catalog\controller\product\views.php on line 471
2020-07-28 6:59:27 - PHP Notice:  Undefined index: product_id in W:\domains\opencart_ecom\public_html\catalog\controller\product\views.php on line 462
2020-07-28 6:59:27 - PHP Notice:  Undefined index: product_id in W:\domains\opencart_ecom\public_html\catalog\controller\product\views.php on line 471
2020-07-28 6:59:27 - PHP Notice:  Undefined index: product_id in W:\domains\opencart_ecom\public_html\catalog\controller\product\views.php on line 462
2020-07-28 6:59:27 - PHP Notice:  Undefined index: product_id in W:\domains\opencart_ecom\public_html\catalog\controller\product\views.php on line 471
2020-07-28 6:59:27 - PHP Notice:  Undefined index: product_id in W:\domains\opencart_ecom\public_html\catalog\controller\product\views.php on line 462
2020-07-28 6:59:27 - PHP Notice:  Undefined index: product_id in W:\domains\opencart_ecom\public_html\catalog\controller\product\views.php on line 471
2020-07-28 6:59:27 - PHP Notice:  Undefined index: product_id in W:\domains\opencart_ecom\public_html\catalog\controller\product\views.php on line 462
2020-07-28 6:59:27 - PHP Notice:  Undefined index: product_id in W:\domains\opencart_ecom\public_html\catalog\controller\product\views.php on line 471
2020-07-28 6:59:27 - PHP Notice:  Undefined index: product_id in W:\domains\opencart_ecom\public_html\catalog\controller\product\views.php on line 462
2020-07-28 6:59:27 - PHP Notice:  Undefined index: product_id in W:\domains\opencart_ecom\public_html\catalog\controller\product\views.php on line 471
2020-07-28 6:59:27 - PHP Notice:  Undefined index: product_id in W:\domains\opencart_ecom\public_html\catalog\controller\product\views.php on line 462
2020-07-28 6:59:27 - PHP Notice:  Undefined index: product_id in W:\domains\opencart_ecom\public_html\catalog\controller\product\views.php on line 471
2020-07-28 6:59:27 - PHP Notice:  Undefined index: product_id in W:\domains\opencart_ecom\public_html\catalog\controller\product\views.php on line 462
2020-07-28 6:59:27 - PHP Notice:  Undefined index: product_id in W:\domains\opencart_ecom\public_html\catalog\controller\product\views.php on line 471
2020-07-28 6:59:27 - PHP Notice:  Undefined index: product_id in W:\domains\opencart_ecom\public_html\catalog\controller\product\views.php on line 462
2020-07-28 6:59:27 - PHP Notice:  Undefined index: product_id in W:\domains\opencart_ecom\public_html\catalog\controller\product\views.php on line 471
2020-07-28 7:22:49 - PHP Notice:  Undefined index: rating in W:\domains\opencart_ecom\public_html\catalog\controller\product\offers.php on line 500
2020-07-28 7:22:49 - PHP Notice:  Undefined index: rating in W:\domains\opencart_ecom\public_html\catalog\controller\product\offers.php on line 514
2020-07-28 7:22:49 - PHP Notice:  Undefined index: rating in W:\domains\opencart_ecom\public_html\catalog\controller\product\offers.php on line 500
2020-07-28 7:22:49 - PHP Notice:  Undefined index: rating in W:\domains\opencart_ecom\public_html\catalog\controller\product\offers.php on line 514
2020-07-28 7:22:49 - PHP Notice:  Undefined index: rating in W:\domains\opencart_ecom\public_html\catalog\controller\product\offers.php on line 500
2020-07-28 7:22:49 - PHP Notice:  Undefined index: rating in W:\domains\opencart_ecom\public_html\catalog\controller\product\offers.php on line 514
2020-07-28 7:22:49 - PHP Notice:  Undefined index: rating in W:\domains\opencart_ecom\public_html\catalog\controller\product\offers.php on line 500
2020-07-28 7:22:49 - PHP Notice:  Undefined index: rating in W:\domains\opencart_ecom\public_html\catalog\controller\product\offers.php on line 514
2020-07-28 7:22:49 - PHP Notice:  Undefined index: rating in W:\domains\opencart_ecom\public_html\catalog\controller\product\offers.php on line 500
2020-07-28 7:22:49 - PHP Notice:  Undefined index: rating in W:\domains\opencart_ecom\public_html\catalog\controller\product\offers.php on line 514
2020-07-28 7:22:49 - PHP Notice:  Undefined index: rating in W:\domains\opencart_ecom\public_html\catalog\controller\product\offers.php on line 500
2020-07-28 7:22:49 - PHP Notice:  Undefined index: rating in W:\domains\opencart_ecom\public_html\catalog\controller\product\offers.php on line 514
2020-07-28 7:22:49 - PHP Notice:  Undefined index: rating in W:\domains\opencart_ecom\public_html\catalog\controller\product\offers.php on line 500
2020-07-28 7:22:49 - PHP Notice:  Undefined index: rating in W:\domains\opencart_ecom\public_html\catalog\controller\product\offers.php on line 514
2020-07-28 7:22:49 - PHP Notice:  Undefined index: rating in W:\domains\opencart_ecom\public_html\catalog\controller\product\offers.php on line 500
2020-07-28 7:22:49 - PHP Notice:  Undefined index: rating in W:\domains\opencart_ecom\public_html\catalog\controller\product\offers.php on line 514
2020-07-28 7:22:49 - PHP Notice:  Undefined index: rating in W:\domains\opencart_ecom\public_html\catalog\controller\product\offers.php on line 500
2020-07-28 7:22:49 - PHP Notice:  Undefined index: rating in W:\domains\opencart_ecom\public_html\catalog\controller\product\offers.php on line 514
2020-07-28 7:22:49 - PHP Notice:  Undefined index: rating in W:\domains\opencart_ecom\public_html\catalog\controller\product\offers.php on line 500
2020-07-28 7:22:49 - PHP Notice:  Undefined index: rating in W:\domains\opencart_ecom\public_html\catalog\controller\product\offers.php on line 514
2020-07-28 7:22:49 - PHP Notice:  Undefined index: rating in W:\domains\opencart_ecom\public_html\catalog\controller\product\offers.php on line 500
2020-07-28 7:22:49 - PHP Notice:  Undefined index: rating in W:\domains\opencart_ecom\public_html\catalog\controller\product\offers.php on line 514
2020-07-28 7:22:49 - PHP Notice:  Undefined index: rating in W:\domains\opencart_ecom\public_html\catalog\controller\product\offers.php on line 500
2020-07-28 7:22:49 - PHP Notice:  Undefined index: rating in W:\domains\opencart_ecom\public_html\catalog\controller\product\offers.php on line 514
2020-07-28 7:22:49 - PHP Notice:  Undefined index: rating in W:\domains\opencart_ecom\public_html\catalog\controller\product\offers.php on line 500
2020-07-28 7:22:49 - PHP Notice:  Undefined index: rating in W:\domains\opencart_ecom\public_html\catalog\controller\product\offers.php on line 514
2020-07-28 7:22:49 - PHP Notice:  Undefined index: rating in W:\domains\opencart_ecom\public_html\catalog\controller\product\offers.php on line 500
2020-07-28 7:22:49 - PHP Notice:  Undefined index: rating in W:\domains\opencart_ecom\public_html\catalog\controller\product\offers.php on line 514
2020-07-28 7:22:49 - PHP Notice:  Undefined index: rating in W:\domains\opencart_ecom\public_html\catalog\controller\product\offers.php on line 500
2020-07-28 7:22:49 - PHP Notice:  Undefined index: rating in W:\domains\opencart_ecom\public_html\catalog\controller\product\offers.php on line 514
2020-07-28 7:23:21 - PHP Notice:  Undefined index: rating in W:\domains\opencart_ecom\public_html\catalog\controller\product\offers.php on line 500
2020-07-28 7:23:21 - PHP Notice:  Undefined index: rating in W:\domains\opencart_ecom\public_html\catalog\controller\product\offers.php on line 514
2020-07-28 7:23:21 - PHP Notice:  Undefined index: rating in W:\domains\opencart_ecom\public_html\catalog\controller\product\offers.php on line 500
2020-07-28 7:23:21 - PHP Notice:  Undefined index: rating in W:\domains\opencart_ecom\public_html\catalog\controller\product\offers.php on line 514
2020-07-28 7:23:21 - PHP Notice:  Undefined index: rating in W:\domains\opencart_ecom\public_html\catalog\controller\product\offers.php on line 500
2020-07-28 7:23:21 - PHP Notice:  Undefined index: rating in W:\domains\opencart_ecom\public_html\catalog\controller\product\offers.php on line 514
2020-07-28 7:23:21 - PHP Notice:  Undefined index: rating in W:\domains\opencart_ecom\public_html\catalog\controller\product\offers.php on line 500
2020-07-28 7:23:21 - PHP Notice:  Undefined index: rating in W:\domains\opencart_ecom\public_html\catalog\controller\product\offers.php on line 514
2020-07-28 7:23:21 - PHP Notice:  Undefined index: rating in W:\domains\opencart_ecom\public_html\catalog\controller\product\offers.php on line 500
2020-07-28 7:23:21 - PHP Notice:  Undefined index: rating in W:\domains\opencart_ecom\public_html\catalog\controller\product\offers.php on line 514
2020-07-28 7:23:21 - PHP Notice:  Undefined index: rating in W:\domains\opencart_ecom\public_html\catalog\controller\product\offers.php on line 500
2020-07-28 7:23:21 - PHP Notice:  Undefined index: rating in W:\domains\opencart_ecom\public_html\catalog\controller\product\offers.php on line 514
2020-07-28 7:23:21 - PHP Notice:  Undefined index: rating in W:\domains\opencart_ecom\public_html\catalog\controller\product\offers.php on line 500
2020-07-28 7:23:21 - PHP Notice:  Undefined index: rating in W:\domains\opencart_ecom\public_html\catalog\controller\product\offers.php on line 514
2020-07-28 7:23:21 - PHP Notice:  Undefined index: rating in W:\domains\opencart_ecom\public_html\catalog\controller\product\offers.php on line 500
2020-07-28 7:23:21 - PHP Notice:  Undefined index: rating in W:\domains\opencart_ecom\public_html\catalog\controller\product\offers.php on line 514
2020-07-28 7:23:21 - PHP Notice:  Undefined index: rating in W:\domains\opencart_ecom\public_html\catalog\controller\product\offers.php on line 500
2020-07-28 7:23:21 - PHP Notice:  Undefined index: rating in W:\domains\opencart_ecom\public_html\catalog\controller\product\offers.php on line 514
2020-07-28 7:23:21 - PHP Notice:  Undefined index: rating in W:\domains\opencart_ecom\public_html\catalog\controller\product\offers.php on line 500
2020-07-28 7:23:21 - PHP Notice:  Undefined index: rating in W:\domains\opencart_ecom\public_html\catalog\controller\product\offers.php on line 514
2020-07-28 7:23:21 - PHP Notice:  Undefined index: rating in W:\domains\opencart_ecom\public_html\catalog\controller\product\offers.php on line 500
2020-07-28 7:23:21 - PHP Notice:  Undefined index: rating in W:\domains\opencart_ecom\public_html\catalog\controller\product\offers.php on line 514
2020-07-28 7:23:21 - PHP Notice:  Undefined index: rating in W:\domains\opencart_ecom\public_html\catalog\controller\product\offers.php on line 500
2020-07-28 7:23:21 - PHP Notice:  Undefined index: rating in W:\domains\opencart_ecom\public_html\catalog\controller\product\offers.php on line 514
2020-07-28 7:23:21 - PHP Notice:  Undefined index: rating in W:\domains\opencart_ecom\public_html\catalog\controller\product\offers.php on line 500
2020-07-28 7:23:21 - PHP Notice:  Undefined index: rating in W:\domains\opencart_ecom\public_html\catalog\controller\product\offers.php on line 514
2020-07-28 7:23:21 - PHP Notice:  Undefined index: rating in W:\domains\opencart_ecom\public_html\catalog\controller\product\offers.php on line 500
2020-07-28 7:23:21 - PHP Notice:  Undefined index: rating in W:\domains\opencart_ecom\public_html\catalog\controller\product\offers.php on line 514
2020-07-28 7:23:21 - PHP Notice:  Undefined index: rating in W:\domains\opencart_ecom\public_html\catalog\controller\product\offers.php on line 500
2020-07-28 7:23:21 - PHP Notice:  Undefined index: rating in W:\domains\opencart_ecom\public_html\catalog\controller\product\offers.php on line 514
2020-07-28 7:23:31 - PHP Notice:  Undefined index: rating in W:\domains\opencart_ecom\public_html\catalog\controller\product\offers.php on line 500
2020-07-28 7:23:31 - PHP Notice:  Undefined index: rating in W:\domains\opencart_ecom\public_html\catalog\controller\product\offers.php on line 514
2020-07-28 7:23:31 - PHP Notice:  Undefined index: rating in W:\domains\opencart_ecom\public_html\catalog\controller\product\offers.php on line 500
2020-07-28 7:23:31 - PHP Notice:  Undefined index: rating in W:\domains\opencart_ecom\public_html\catalog\controller\product\offers.php on line 514
2020-07-28 7:23:31 - PHP Notice:  Undefined index: rating in W:\domains\opencart_ecom\public_html\catalog\controller\product\offers.php on line 500
2020-07-28 7:23:31 - PHP Notice:  Undefined index: rating in W:\domains\opencart_ecom\public_html\catalog\controller\product\offers.php on line 514
2020-07-28 7:23:31 - PHP Notice:  Undefined index: rating in W:\domains\opencart_ecom\public_html\catalog\controller\product\offers.php on line 500
2020-07-28 7:23:31 - PHP Notice:  Undefined index: rating in W:\domains\opencart_ecom\public_html\catalog\controller\product\offers.php on line 514
2020-07-28 7:23:31 - PHP Notice:  Undefined index: rating in W:\domains\opencart_ecom\public_html\catalog\controller\product\offers.php on line 500
2020-07-28 7:23:31 - PHP Notice:  Undefined index: rating in W:\domains\opencart_ecom\public_html\catalog\controller\product\offers.php on line 514
2020-07-28 7:23:31 - PHP Notice:  Undefined index: rating in W:\domains\opencart_ecom\public_html\catalog\controller\product\offers.php on line 500
2020-07-28 7:23:31 - PHP Notice:  Undefined index: rating in W:\domains\opencart_ecom\public_html\catalog\controller\product\offers.php on line 514
2020-07-28 7:23:31 - PHP Notice:  Undefined index: rating in W:\domains\opencart_ecom\public_html\catalog\controller\product\offers.php on line 500
2020-07-28 7:23:31 - PHP Notice:  Undefined index: rating in W:\domains\opencart_ecom\public_html\catalog\controller\product\offers.php on line 514
2020-07-28 7:23:31 - PHP Notice:  Undefined index: rating in W:\domains\opencart_ecom\public_html\catalog\controller\product\offers.php on line 500
2020-07-28 7:23:31 - PHP Notice:  Undefined index: rating in W:\domains\opencart_ecom\public_html\catalog\controller\product\offers.php on line 514
2020-07-28 7:23:31 - PHP Notice:  Undefined index: rating in W:\domains\opencart_ecom\public_html\catalog\controller\product\offers.php on line 500
2020-07-28 7:23:31 - PHP Notice:  Undefined index: rating in W:\domains\opencart_ecom\public_html\catalog\controller\product\offers.php on line 514
2020-07-28 7:23:31 - PHP Notice:  Undefined index: rating in W:\domains\opencart_ecom\public_html\catalog\controller\product\offers.php on line 500
2020-07-28 7:23:31 - PHP Notice:  Undefined index: rating in W:\domains\opencart_ecom\public_html\catalog\controller\product\offers.php on line 514
2020-07-28 7:23:31 - PHP Notice:  Undefined index: rating in W:\domains\opencart_ecom\public_html\catalog\controller\product\offers.php on line 500
2020-07-28 7:23:31 - PHP Notice:  Undefined index: rating in W:\domains\opencart_ecom\public_html\catalog\controller\product\offers.php on line 514
2020-07-28 7:23:31 - PHP Notice:  Undefined index: rating in W:\domains\opencart_ecom\public_html\catalog\controller\product\offers.php on line 500
2020-07-28 7:23:31 - PHP Notice:  Undefined index: rating in W:\domains\opencart_ecom\public_html\catalog\controller\product\offers.php on line 514
2020-07-28 7:23:31 - PHP Notice:  Undefined index: rating in W:\domains\opencart_ecom\public_html\catalog\controller\product\offers.php on line 500
2020-07-28 7:23:31 - PHP Notice:  Undefined index: rating in W:\domains\opencart_ecom\public_html\catalog\controller\product\offers.php on line 514
2020-07-28 7:23:31 - PHP Notice:  Undefined index: rating in W:\domains\opencart_ecom\public_html\catalog\controller\product\offers.php on line 500
2020-07-28 7:23:31 - PHP Notice:  Undefined index: rating in W:\domains\opencart_ecom\public_html\catalog\controller\product\offers.php on line 514
2020-07-28 7:23:31 - PHP Notice:  Undefined index: rating in W:\domains\opencart_ecom\public_html\catalog\controller\product\offers.php on line 500
2020-07-28 7:23:31 - PHP Notice:  Undefined index: rating in W:\domains\opencart_ecom\public_html\catalog\controller\product\offers.php on line 514
